<?xml version="1.0" encoding="UTF-8"?>
<!-- Generated by org.testng.reporters.JUnitReportReporter -->
<testsuite skipped="1" hostname="ramsunkara" name="com.aots.qa.tests.LoginPageTest" tests="3" failures="0" timestamp="19 Oct 2019 19:40:05 GMT" time="32.960" errors="0">
  <testcase name="checkAllLinkS" time="25.294" classname="com.aots.qa.tests.LoginPageTest"/>
  <testcase name="LoginwithINValidDetails" time="7.666" classname="com.aots.qa.tests.LoginPageTest"/>
  <testcase name="LoginwithValidDetails" classname="com.aots.qa.tests.LoginPageTest">
    <skipped/>
  </testcase> <!-- LoginwithValidDetails -->
</testsuite> <!-- com.aots.qa.tests.LoginPageTest -->
