<?xml version="1.0" encoding="UTF-8"?>
<!-- Generated by org.testng.reporters.JUnitReportReporter -->
<testsuite skipped="0" hostname="ramsunkara" name="com.aots.qa.tests.LoginTest" tests="1" failures="0" timestamp="16 Oct 2019 19:51:56 GMT" time="0.017" errors="0">
  <testcase name="LoginwithValidDetails" time="0.017" classname="com.aots.qa.tests.LoginTest"/>
</testsuite> <!-- com.aots.qa.tests.LoginTest -->
